<?xml version="1.0" encoding="UTF-8"?>
<!-- Generated by org.testng.reporters.JUnitReportReporter -->
<testsuite hostname="DESKTOP-SKOGRIB" failures="0" tests="1" name="TestNG1" time="10.951" errors="0" timestamp="2025-02-19T22:31:11 EST" skipped="0">
  <testcase classname="TestNG1" name="test" time="10.951"/>
</testsuite> <!-- TestNG1 -->
